2019-12-16T17:28:58+00:00 CRITICAL Uncaught Error: Class 'Elementor\Post_CSS_File' not found in C:\xampp\htdocs\todoticket\wp-content\plugins\jet-theme-core\includes\locations.php:104
Stack trace:
#0 C:\xampp\htdocs\todoticket\wp-includes\class-wp-hook.php(288): Jet_Theme_Core_Locations->enqueue_styles('')
#1 C:\xampp\htdocs\todoticket\wp-includes\class-wp-hook.php(312): WP_Hook->apply_filters(NULL, Array)
#2 C:\xampp\htdocs\todoticket\wp-includes\plugin.php(478): WP_Hook->do_action(Array)
#3 C:\xampp\htdocs\todoticket\wp-includes\script-loader.php(2670): do_action('wp_enqueue_scri...')
#4 C:\xampp\htdocs\todoticket\wp-includes\class-wp-hook.php(288): wp_enqueue_scripts('')
#5 C:\xampp\htdocs\todoticket\wp-includes\class-wp-hook.php(312): WP_Hook->apply_filters(NULL, Array)
#6 C:\xampp\htdocs\todoticket\wp-includes\plugin.php(478): WP_Hook->do_action(Array)
#7 C:\xampp\htdocs\todoticket\wp-includes\general-template.php(2879): do_action('wp_head')
#8 C:\xampp\htdocs\todoticket\wp-content\themes\todoticket\kava\header.php(19): wp_head()
#9 C:\xa in C:\xampp\htdocs\todoticket\wp-content\plugins\jet-theme-core\includes\locations.php on line 104

2019-12-16T17:29:27+00:00 CRITICAL Uncaught Error: Class 'Elementor\Post_CSS_File' not found in C:\xampp\htdocs\todoticket\wp-content\plugins\jet-theme-core\includes\locations.php:104
Stack trace:
#0 C:\xampp\htdocs\todoticket\wp-includes\class-wp-hook.php(288): Jet_Theme_Core_Locations->enqueue_styles('')
#1 C:\xampp\htdocs\todoticket\wp-includes\class-wp-hook.php(312): WP_Hook->apply_filters(NULL, Array)
#2 C:\xampp\htdocs\todoticket\wp-includes\plugin.php(478): WP_Hook->do_action(Array)
#3 C:\xampp\htdocs\todoticket\wp-includes\script-loader.php(2670): do_action('wp_enqueue_scri...')
#4 C:\xampp\htdocs\todoticket\wp-includes\class-wp-hook.php(288): wp_enqueue_scripts('')
#5 C:\xampp\htdocs\todoticket\wp-includes\class-wp-hook.php(312): WP_Hook->apply_filters(NULL, Array)
#6 C:\xampp\htdocs\todoticket\wp-includes\plugin.php(478): WP_Hook->do_action(Array)
#7 C:\xampp\htdocs\todoticket\wp-includes\general-template.php(2879): do_action('wp_head')
#8 C:\xampp\htdocs\todoticket\wp-content\themes\todoticket\kava\header.php(19): wp_head()
#9 C:\xa in C:\xampp\htdocs\todoticket\wp-content\plugins\jet-theme-core\includes\locations.php on line 104

2019-12-16T17:30:39+00:00 CRITICAL Uncaught Error: Class 'Elementor\Post_CSS_File' not found in C:\xampp\htdocs\todoticket\wp-content\plugins\jet-theme-core\includes\locations.php:104
Stack trace:
#0 C:\xampp\htdocs\todoticket\wp-includes\class-wp-hook.php(288): Jet_Theme_Core_Locations->enqueue_styles('')
#1 C:\xampp\htdocs\todoticket\wp-includes\class-wp-hook.php(312): WP_Hook->apply_filters(NULL, Array)
#2 C:\xampp\htdocs\todoticket\wp-includes\plugin.php(478): WP_Hook->do_action(Array)
#3 C:\xampp\htdocs\todoticket\wp-includes\script-loader.php(2670): do_action('wp_enqueue_scri...')
#4 C:\xampp\htdocs\todoticket\wp-includes\class-wp-hook.php(288): wp_enqueue_scripts('')
#5 C:\xampp\htdocs\todoticket\wp-includes\class-wp-hook.php(312): WP_Hook->apply_filters(NULL, Array)
#6 C:\xampp\htdocs\todoticket\wp-includes\plugin.php(478): WP_Hook->do_action(Array)
#7 C:\xampp\htdocs\todoticket\wp-includes\general-template.php(2879): do_action('wp_head')
#8 C:\xampp\htdocs\todoticket\wp-content\themes\todoticket\kava\header.php(19): wp_head()
#9 C:\xa in C:\xampp\htdocs\todoticket\wp-content\plugins\jet-theme-core\includes\locations.php on line 104

2019-12-16T17:40:48+00:00 CRITICAL Uncaught Error: Class 'Elementor\Post_CSS_File' not found in C:\xampp\htdocs\todoticket\wp-content\plugins\jet-theme-core\includes\locations.php:104
Stack trace:
#0 C:\xampp\htdocs\todoticket\wp-includes\class-wp-hook.php(288): Jet_Theme_Core_Locations->enqueue_styles('')
#1 C:\xampp\htdocs\todoticket\wp-includes\class-wp-hook.php(312): WP_Hook->apply_filters(NULL, Array)
#2 C:\xampp\htdocs\todoticket\wp-includes\plugin.php(478): WP_Hook->do_action(Array)
#3 C:\xampp\htdocs\todoticket\wp-includes\script-loader.php(2670): do_action('wp_enqueue_scri...')
#4 C:\xampp\htdocs\todoticket\wp-includes\class-wp-hook.php(288): wp_enqueue_scripts('')
#5 C:\xampp\htdocs\todoticket\wp-includes\class-wp-hook.php(312): WP_Hook->apply_filters(NULL, Array)
#6 C:\xampp\htdocs\todoticket\wp-includes\plugin.php(478): WP_Hook->do_action(Array)
#7 C:\xampp\htdocs\todoticket\wp-includes\general-template.php(2879): do_action('wp_head')
#8 C:\xampp\htdocs\todoticket\wp-content\themes\todoticket\kava\header.php(19): wp_head()
#9 C:\xa in C:\xampp\htdocs\todoticket\wp-content\plugins\jet-theme-core\includes\locations.php on line 104

2019-12-16T17:44:53+00:00 CRITICAL Uncaught Error: Class 'Elementor\Post_CSS_File' not found in C:\xampp\htdocs\todoticket\wp-content\plugins\jet-theme-core\includes\locations.php:104
Stack trace:
#0 C:\xampp\htdocs\todoticket\wp-includes\class-wp-hook.php(288): Jet_Theme_Core_Locations->enqueue_styles('')
#1 C:\xampp\htdocs\todoticket\wp-includes\class-wp-hook.php(312): WP_Hook->apply_filters(NULL, Array)
#2 C:\xampp\htdocs\todoticket\wp-includes\plugin.php(478): WP_Hook->do_action(Array)
#3 C:\xampp\htdocs\todoticket\wp-includes\script-loader.php(2670): do_action('wp_enqueue_scri...')
#4 C:\xampp\htdocs\todoticket\wp-includes\class-wp-hook.php(288): wp_enqueue_scripts('')
#5 C:\xampp\htdocs\todoticket\wp-includes\class-wp-hook.php(312): WP_Hook->apply_filters(NULL, Array)
#6 C:\xampp\htdocs\todoticket\wp-includes\plugin.php(478): WP_Hook->do_action(Array)
#7 C:\xampp\htdocs\todoticket\wp-includes\general-template.php(2879): do_action('wp_head')
#8 C:\xampp\htdocs\todoticket\wp-content\themes\todoticket\kava\header.php(19): wp_head()
#9 C:\xa in C:\xampp\htdocs\todoticket\wp-content\plugins\jet-theme-core\includes\locations.php on line 104

2019-12-16T17:45:23+00:00 CRITICAL Uncaught Error: Class 'Elementor\Post_CSS_File' not found in C:\xampp\htdocs\todoticket\wp-content\plugins\jet-theme-core\includes\locations.php:104
Stack trace:
#0 C:\xampp\htdocs\todoticket\wp-includes\class-wp-hook.php(288): Jet_Theme_Core_Locations->enqueue_styles('')
#1 C:\xampp\htdocs\todoticket\wp-includes\class-wp-hook.php(312): WP_Hook->apply_filters(NULL, Array)
#2 C:\xampp\htdocs\todoticket\wp-includes\plugin.php(478): WP_Hook->do_action(Array)
#3 C:\xampp\htdocs\todoticket\wp-includes\script-loader.php(2670): do_action('wp_enqueue_scri...')
#4 C:\xampp\htdocs\todoticket\wp-includes\class-wp-hook.php(288): wp_enqueue_scripts('')
#5 C:\xampp\htdocs\todoticket\wp-includes\class-wp-hook.php(312): WP_Hook->apply_filters(NULL, Array)
#6 C:\xampp\htdocs\todoticket\wp-includes\plugin.php(478): WP_Hook->do_action(Array)
#7 C:\xampp\htdocs\todoticket\wp-includes\general-template.php(2879): do_action('wp_head')
#8 C:\xampp\htdocs\todoticket\wp-content\themes\todoticket\kava\header.php(19): wp_head()
#9 C:\xa in C:\xampp\htdocs\todoticket\wp-content\plugins\jet-theme-core\includes\locations.php on line 104

2019-12-16T17:47:38+00:00 CRITICAL Uncaught Error: Class 'Elementor\Post_CSS_File' not found in C:\xampp\htdocs\todoticket\wp-content\plugins\jet-theme-core\includes\locations.php:104
Stack trace:
#0 C:\xampp\htdocs\todoticket\wp-includes\class-wp-hook.php(288): Jet_Theme_Core_Locations->enqueue_styles('')
#1 C:\xampp\htdocs\todoticket\wp-includes\class-wp-hook.php(312): WP_Hook->apply_filters(NULL, Array)
#2 C:\xampp\htdocs\todoticket\wp-includes\plugin.php(478): WP_Hook->do_action(Array)
#3 C:\xampp\htdocs\todoticket\wp-includes\script-loader.php(2670): do_action('wp_enqueue_scri...')
#4 C:\xampp\htdocs\todoticket\wp-includes\class-wp-hook.php(288): wp_enqueue_scripts('')
#5 C:\xampp\htdocs\todoticket\wp-includes\class-wp-hook.php(312): WP_Hook->apply_filters(NULL, Array)
#6 C:\xampp\htdocs\todoticket\wp-includes\plugin.php(478): WP_Hook->do_action(Array)
#7 C:\xampp\htdocs\todoticket\wp-includes\general-template.php(2879): do_action('wp_head')
#8 C:\xampp\htdocs\todoticket\wp-content\themes\todoticket\kava\header.php(19): wp_head()
#9 C:\xa in C:\xampp\htdocs\todoticket\wp-content\plugins\jet-theme-core\includes\locations.php on line 104

2019-12-16T17:48:45+00:00 CRITICAL Uncaught Error: Class 'Elementor\Post_CSS_File' not found in C:\xampp\htdocs\todoticket\wp-content\plugins\jet-theme-core\includes\locations.php:104
Stack trace:
#0 C:\xampp\htdocs\todoticket\wp-includes\class-wp-hook.php(288): Jet_Theme_Core_Locations->enqueue_styles('')
#1 C:\xampp\htdocs\todoticket\wp-includes\class-wp-hook.php(312): WP_Hook->apply_filters(NULL, Array)
#2 C:\xampp\htdocs\todoticket\wp-includes\plugin.php(478): WP_Hook->do_action(Array)
#3 C:\xampp\htdocs\todoticket\wp-includes\script-loader.php(2670): do_action('wp_enqueue_scri...')
#4 C:\xampp\htdocs\todoticket\wp-includes\class-wp-hook.php(288): wp_enqueue_scripts('')
#5 C:\xampp\htdocs\todoticket\wp-includes\class-wp-hook.php(312): WP_Hook->apply_filters(NULL, Array)
#6 C:\xampp\htdocs\todoticket\wp-includes\plugin.php(478): WP_Hook->do_action(Array)
#7 C:\xampp\htdocs\todoticket\wp-includes\general-template.php(2879): do_action('wp_head')
#8 C:\xampp\htdocs\todoticket\wp-content\themes\todoticket\kava\header.php(19): wp_head()
#9 C:\xa in C:\xampp\htdocs\todoticket\wp-content\plugins\jet-theme-core\includes\locations.php on line 104

2019-12-16T17:50:10+00:00 CRITICAL Uncaught Error: Class 'Elementor\Post_CSS_File' not found in C:\xampp\htdocs\todoticket\wp-content\plugins\jet-theme-core\includes\locations.php:104
Stack trace:
#0 C:\xampp\htdocs\todoticket\wp-includes\class-wp-hook.php(288): Jet_Theme_Core_Locations->enqueue_styles('')
#1 C:\xampp\htdocs\todoticket\wp-includes\class-wp-hook.php(312): WP_Hook->apply_filters(NULL, Array)
#2 C:\xampp\htdocs\todoticket\wp-includes\plugin.php(478): WP_Hook->do_action(Array)
#3 C:\xampp\htdocs\todoticket\wp-includes\script-loader.php(2670): do_action('wp_enqueue_scri...')
#4 C:\xampp\htdocs\todoticket\wp-includes\class-wp-hook.php(288): wp_enqueue_scripts('')
#5 C:\xampp\htdocs\todoticket\wp-includes\class-wp-hook.php(312): WP_Hook->apply_filters(NULL, Array)
#6 C:\xampp\htdocs\todoticket\wp-includes\plugin.php(478): WP_Hook->do_action(Array)
#7 C:\xampp\htdocs\todoticket\wp-includes\general-template.php(2879): do_action('wp_head')
#8 C:\xampp\htdocs\todoticket\wp-content\themes\todoticket\kava\header.php(19): wp_head()
#9 C:\xa in C:\xampp\htdocs\todoticket\wp-content\plugins\jet-theme-core\includes\locations.php on line 104

2019-12-16T17:52:54+00:00 CRITICAL Uncaught Error: Class 'Elementor\Post_CSS_File' not found in C:\xampp\htdocs\todoticket\wp-content\plugins\jet-theme-core\includes\locations.php:104
Stack trace:
#0 C:\xampp\htdocs\todoticket\wp-includes\class-wp-hook.php(288): Jet_Theme_Core_Locations->enqueue_styles('')
#1 C:\xampp\htdocs\todoticket\wp-includes\class-wp-hook.php(312): WP_Hook->apply_filters(NULL, Array)
#2 C:\xampp\htdocs\todoticket\wp-includes\plugin.php(478): WP_Hook->do_action(Array)
#3 C:\xampp\htdocs\todoticket\wp-includes\script-loader.php(2670): do_action('wp_enqueue_scri...')
#4 C:\xampp\htdocs\todoticket\wp-includes\class-wp-hook.php(288): wp_enqueue_scripts('')
#5 C:\xampp\htdocs\todoticket\wp-includes\class-wp-hook.php(312): WP_Hook->apply_filters(NULL, Array)
#6 C:\xampp\htdocs\todoticket\wp-includes\plugin.php(478): WP_Hook->do_action(Array)
#7 C:\xampp\htdocs\todoticket\wp-includes\general-template.php(2879): do_action('wp_head')
#8 C:\xampp\htdocs\todoticket\wp-content\themes\todoticket\kava\header.php(19): wp_head()
#9 C:\xa in C:\xampp\htdocs\todoticket\wp-content\plugins\jet-theme-core\includes\locations.php on line 104

2019-12-16T17:57:02+00:00 CRITICAL Uncaught Error: Class 'Elementor\Post_CSS_File' not found in C:\xampp\htdocs\todoticket\wp-content\plugins\jet-theme-core\includes\locations.php:104
Stack trace:
#0 C:\xampp\htdocs\todoticket\wp-includes\class-wp-hook.php(288): Jet_Theme_Core_Locations->enqueue_styles('')
#1 C:\xampp\htdocs\todoticket\wp-includes\class-wp-hook.php(312): WP_Hook->apply_filters(NULL, Array)
#2 C:\xampp\htdocs\todoticket\wp-includes\plugin.php(478): WP_Hook->do_action(Array)
#3 C:\xampp\htdocs\todoticket\wp-includes\script-loader.php(2670): do_action('wp_enqueue_scri...')
#4 C:\xampp\htdocs\todoticket\wp-includes\class-wp-hook.php(288): wp_enqueue_scripts('')
#5 C:\xampp\htdocs\todoticket\wp-includes\class-wp-hook.php(312): WP_Hook->apply_filters(NULL, Array)
#6 C:\xampp\htdocs\todoticket\wp-includes\plugin.php(478): WP_Hook->do_action(Array)
#7 C:\xampp\htdocs\todoticket\wp-includes\general-template.php(2879): do_action('wp_head')
#8 C:\xampp\htdocs\todoticket\wp-content\themes\todoticket\kava\header.php(19): wp_head()
#9 C:\xa in C:\xampp\htdocs\todoticket\wp-content\plugins\jet-theme-core\includes\locations.php on line 104

2019-12-16T17:57:47+00:00 CRITICAL Uncaught Error: Class 'Elementor\Post_CSS_File' not found in C:\xampp\htdocs\todoticket\wp-content\plugins\jet-theme-core\includes\locations.php:104
Stack trace:
#0 C:\xampp\htdocs\todoticket\wp-includes\class-wp-hook.php(288): Jet_Theme_Core_Locations->enqueue_styles('')
#1 C:\xampp\htdocs\todoticket\wp-includes\class-wp-hook.php(312): WP_Hook->apply_filters(NULL, Array)
#2 C:\xampp\htdocs\todoticket\wp-includes\plugin.php(478): WP_Hook->do_action(Array)
#3 C:\xampp\htdocs\todoticket\wp-includes\script-loader.php(2670): do_action('wp_enqueue_scri...')
#4 C:\xampp\htdocs\todoticket\wp-includes\class-wp-hook.php(288): wp_enqueue_scripts('')
#5 C:\xampp\htdocs\todoticket\wp-includes\class-wp-hook.php(312): WP_Hook->apply_filters(NULL, Array)
#6 C:\xampp\htdocs\todoticket\wp-includes\plugin.php(478): WP_Hook->do_action(Array)
#7 C:\xampp\htdocs\todoticket\wp-includes\general-template.php(2879): do_action('wp_head')
#8 C:\xampp\htdocs\todoticket\wp-content\themes\todoticket\kava\header.php(19): wp_head()
#9 C:\xa in C:\xampp\htdocs\todoticket\wp-content\plugins\jet-theme-core\includes\locations.php on line 104

2019-12-16T17:57:52+00:00 CRITICAL Uncaught Error: Class 'Elementor\Post_CSS_File' not found in C:\xampp\htdocs\todoticket\wp-content\plugins\jet-theme-core\includes\locations.php:104
Stack trace:
#0 C:\xampp\htdocs\todoticket\wp-includes\class-wp-hook.php(288): Jet_Theme_Core_Locations->enqueue_styles('')
#1 C:\xampp\htdocs\todoticket\wp-includes\class-wp-hook.php(312): WP_Hook->apply_filters(NULL, Array)
#2 C:\xampp\htdocs\todoticket\wp-includes\plugin.php(478): WP_Hook->do_action(Array)
#3 C:\xampp\htdocs\todoticket\wp-includes\script-loader.php(2670): do_action('wp_enqueue_scri...')
#4 C:\xampp\htdocs\todoticket\wp-includes\class-wp-hook.php(288): wp_enqueue_scripts('')
#5 C:\xampp\htdocs\todoticket\wp-includes\class-wp-hook.php(312): WP_Hook->apply_filters(NULL, Array)
#6 C:\xampp\htdocs\todoticket\wp-includes\plugin.php(478): WP_Hook->do_action(Array)
#7 C:\xampp\htdocs\todoticket\wp-includes\general-template.php(2879): do_action('wp_head')
#8 C:\xampp\htdocs\todoticket\wp-content\themes\todoticket\kava\header.php(19): wp_head()
#9 C:\xa in C:\xampp\htdocs\todoticket\wp-content\plugins\jet-theme-core\includes\locations.php on line 104

2019-12-16T17:58:55+00:00 CRITICAL Uncaught Error: Class 'Elementor\Post_CSS_File' not found in C:\xampp\htdocs\todoticket\wp-content\plugins\jet-theme-core\includes\locations.php:104
Stack trace:
#0 C:\xampp\htdocs\todoticket\wp-includes\class-wp-hook.php(288): Jet_Theme_Core_Locations->enqueue_styles('')
#1 C:\xampp\htdocs\todoticket\wp-includes\class-wp-hook.php(312): WP_Hook->apply_filters(NULL, Array)
#2 C:\xampp\htdocs\todoticket\wp-includes\plugin.php(478): WP_Hook->do_action(Array)
#3 C:\xampp\htdocs\todoticket\wp-includes\script-loader.php(2670): do_action('wp_enqueue_scri...')
#4 C:\xampp\htdocs\todoticket\wp-includes\class-wp-hook.php(288): wp_enqueue_scripts('')
#5 C:\xampp\htdocs\todoticket\wp-includes\class-wp-hook.php(312): WP_Hook->apply_filters(NULL, Array)
#6 C:\xampp\htdocs\todoticket\wp-includes\plugin.php(478): WP_Hook->do_action(Array)
#7 C:\xampp\htdocs\todoticket\wp-includes\general-template.php(2879): do_action('wp_head')
#8 C:\xampp\htdocs\todoticket\wp-content\themes\todoticket\kava\header.php(19): wp_head()
#9 C:\xa in C:\xampp\htdocs\todoticket\wp-content\plugins\jet-theme-core\includes\locations.php on line 104

2019-12-16T18:13:28+00:00 CRITICAL Uncaught Error: Class 'Elementor\Post_CSS_File' not found in C:\xampp\htdocs\todoticket\wp-content\plugins\jet-theme-core\includes\locations.php:104
Stack trace:
#0 C:\xampp\htdocs\todoticket\wp-includes\class-wp-hook.php(288): Jet_Theme_Core_Locations->enqueue_styles('')
#1 C:\xampp\htdocs\todoticket\wp-includes\class-wp-hook.php(312): WP_Hook->apply_filters(NULL, Array)
#2 C:\xampp\htdocs\todoticket\wp-includes\plugin.php(478): WP_Hook->do_action(Array)
#3 C:\xampp\htdocs\todoticket\wp-includes\script-loader.php(2670): do_action('wp_enqueue_scri...')
#4 C:\xampp\htdocs\todoticket\wp-includes\class-wp-hook.php(288): wp_enqueue_scripts('')
#5 C:\xampp\htdocs\todoticket\wp-includes\class-wp-hook.php(312): WP_Hook->apply_filters(NULL, Array)
#6 C:\xampp\htdocs\todoticket\wp-includes\plugin.php(478): WP_Hook->do_action(Array)
#7 C:\xampp\htdocs\todoticket\wp-includes\general-template.php(2879): do_action('wp_head')
#8 C:\xampp\htdocs\todoticket\wp-content\themes\todoticket\kava\header.php(19): wp_head()
#9 C:\xa in C:\xampp\htdocs\todoticket\wp-content\plugins\jet-theme-core\includes\locations.php on line 104

2019-12-16T18:20:52+00:00 CRITICAL Uncaught Error: Class 'Elementor\Post_CSS_File' not found in C:\xampp\htdocs\todoticket\wp-content\plugins\jet-theme-core\includes\locations.php:104
Stack trace:
#0 C:\xampp\htdocs\todoticket\wp-includes\class-wp-hook.php(288): Jet_Theme_Core_Locations->enqueue_styles('')
#1 C:\xampp\htdocs\todoticket\wp-includes\class-wp-hook.php(312): WP_Hook->apply_filters(NULL, Array)
#2 C:\xampp\htdocs\todoticket\wp-includes\plugin.php(478): WP_Hook->do_action(Array)
#3 C:\xampp\htdocs\todoticket\wp-includes\script-loader.php(2670): do_action('wp_enqueue_scri...')
#4 C:\xampp\htdocs\todoticket\wp-includes\class-wp-hook.php(288): wp_enqueue_scripts('')
#5 C:\xampp\htdocs\todoticket\wp-includes\class-wp-hook.php(312): WP_Hook->apply_filters(NULL, Array)
#6 C:\xampp\htdocs\todoticket\wp-includes\plugin.php(478): WP_Hook->do_action(Array)
#7 C:\xampp\htdocs\todoticket\wp-includes\general-template.php(2879): do_action('wp_head')
#8 C:\xampp\htdocs\todoticket\wp-content\themes\todoticket\kava\header.php(19): wp_head()
#9 C:\xa in C:\xampp\htdocs\todoticket\wp-content\plugins\jet-theme-core\includes\locations.php on line 104

2019-12-16T18:28:45+00:00 CRITICAL Uncaught Error: Class 'Elementor\Post_CSS_File' not found in C:\xampp\htdocs\todoticket\wp-content\plugins\jet-theme-core\includes\locations.php:104
Stack trace:
#0 C:\xampp\htdocs\todoticket\wp-includes\class-wp-hook.php(288): Jet_Theme_Core_Locations->enqueue_styles('')
#1 C:\xampp\htdocs\todoticket\wp-includes\class-wp-hook.php(312): WP_Hook->apply_filters(NULL, Array)
#2 C:\xampp\htdocs\todoticket\wp-includes\plugin.php(478): WP_Hook->do_action(Array)
#3 C:\xampp\htdocs\todoticket\wp-includes\script-loader.php(2670): do_action('wp_enqueue_scri...')
#4 C:\xampp\htdocs\todoticket\wp-includes\class-wp-hook.php(288): wp_enqueue_scripts('')
#5 C:\xampp\htdocs\todoticket\wp-includes\class-wp-hook.php(312): WP_Hook->apply_filters(NULL, Array)
#6 C:\xampp\htdocs\todoticket\wp-includes\plugin.php(478): WP_Hook->do_action(Array)
#7 C:\xampp\htdocs\todoticket\wp-includes\general-template.php(2879): do_action('wp_head')
#8 C:\xampp\htdocs\todoticket\wp-content\themes\todoticket\kava\header.php(19): wp_head()
#9 C:\xa in C:\xampp\htdocs\todoticket\wp-content\plugins\jet-theme-core\includes\locations.php on line 104

2019-12-16T18:37:02+00:00 CRITICAL Uncaught Error: Class 'Elementor\Post_CSS_File' not found in C:\xampp\htdocs\todoticket\wp-content\plugins\jet-theme-core\includes\locations.php:104
Stack trace:
#0 C:\xampp\htdocs\todoticket\wp-includes\class-wp-hook.php(288): Jet_Theme_Core_Locations->enqueue_styles('')
#1 C:\xampp\htdocs\todoticket\wp-includes\class-wp-hook.php(312): WP_Hook->apply_filters(NULL, Array)
#2 C:\xampp\htdocs\todoticket\wp-includes\plugin.php(478): WP_Hook->do_action(Array)
#3 C:\xampp\htdocs\todoticket\wp-includes\script-loader.php(2670): do_action('wp_enqueue_scri...')
#4 C:\xampp\htdocs\todoticket\wp-includes\class-wp-hook.php(288): wp_enqueue_scripts('')
#5 C:\xampp\htdocs\todoticket\wp-includes\class-wp-hook.php(312): WP_Hook->apply_filters(NULL, Array)
#6 C:\xampp\htdocs\todoticket\wp-includes\plugin.php(478): WP_Hook->do_action(Array)
#7 C:\xampp\htdocs\todoticket\wp-includes\general-template.php(2879): do_action('wp_head')
#8 C:\xampp\htdocs\todoticket\wp-content\themes\todoticket\kava\header.php(19): wp_head()
#9 C:\xa in C:\xampp\htdocs\todoticket\wp-content\plugins\jet-theme-core\includes\locations.php on line 104

2019-12-16T18:38:17+00:00 CRITICAL Uncaught Error: Class 'Elementor\Post_CSS_File' not found in C:\xampp\htdocs\todoticket\wp-content\plugins\jet-theme-core\includes\locations.php:104
Stack trace:
#0 C:\xampp\htdocs\todoticket\wp-includes\class-wp-hook.php(288): Jet_Theme_Core_Locations->enqueue_styles('')
#1 C:\xampp\htdocs\todoticket\wp-includes\class-wp-hook.php(312): WP_Hook->apply_filters(NULL, Array)
#2 C:\xampp\htdocs\todoticket\wp-includes\plugin.php(478): WP_Hook->do_action(Array)
#3 C:\xampp\htdocs\todoticket\wp-includes\script-loader.php(2670): do_action('wp_enqueue_scri...')
#4 C:\xampp\htdocs\todoticket\wp-includes\class-wp-hook.php(288): wp_enqueue_scripts('')
#5 C:\xampp\htdocs\todoticket\wp-includes\class-wp-hook.php(312): WP_Hook->apply_filters(NULL, Array)
#6 C:\xampp\htdocs\todoticket\wp-includes\plugin.php(478): WP_Hook->do_action(Array)
#7 C:\xampp\htdocs\todoticket\wp-includes\general-template.php(2879): do_action('wp_head')
#8 C:\xampp\htdocs\todoticket\wp-content\themes\todoticket\kava\header.php(19): wp_head()
#9 C:\xa in C:\xampp\htdocs\todoticket\wp-content\plugins\jet-theme-core\includes\locations.php on line 104

2019-12-16T18:41:31+00:00 CRITICAL Uncaught Error: Class 'Elementor\Post_CSS_File' not found in C:\xampp\htdocs\todoticket\wp-content\plugins\jet-theme-core\includes\locations.php:104
Stack trace:
#0 C:\xampp\htdocs\todoticket\wp-includes\class-wp-hook.php(288): Jet_Theme_Core_Locations->enqueue_styles('')
#1 C:\xampp\htdocs\todoticket\wp-includes\class-wp-hook.php(312): WP_Hook->apply_filters(NULL, Array)
#2 C:\xampp\htdocs\todoticket\wp-includes\plugin.php(478): WP_Hook->do_action(Array)
#3 C:\xampp\htdocs\todoticket\wp-includes\script-loader.php(2670): do_action('wp_enqueue_scri...')
#4 C:\xampp\htdocs\todoticket\wp-includes\class-wp-hook.php(288): wp_enqueue_scripts('')
#5 C:\xampp\htdocs\todoticket\wp-includes\class-wp-hook.php(312): WP_Hook->apply_filters(NULL, Array)
#6 C:\xampp\htdocs\todoticket\wp-includes\plugin.php(478): WP_Hook->do_action(Array)
#7 C:\xampp\htdocs\todoticket\wp-includes\general-template.php(2879): do_action('wp_head')
#8 C:\xampp\htdocs\todoticket\wp-content\themes\todoticket\kava\header.php(19): wp_head()
#9 C:\xa in C:\xampp\htdocs\todoticket\wp-content\plugins\jet-theme-core\includes\locations.php on line 104

2019-12-16T18:42:40+00:00 CRITICAL Uncaught Error: Class 'Elementor\Post_CSS_File' not found in C:\xampp\htdocs\todoticket\wp-content\plugins\jet-theme-core\includes\locations.php:104
Stack trace:
#0 C:\xampp\htdocs\todoticket\wp-includes\class-wp-hook.php(288): Jet_Theme_Core_Locations->enqueue_styles('')
#1 C:\xampp\htdocs\todoticket\wp-includes\class-wp-hook.php(312): WP_Hook->apply_filters(NULL, Array)
#2 C:\xampp\htdocs\todoticket\wp-includes\plugin.php(478): WP_Hook->do_action(Array)
#3 C:\xampp\htdocs\todoticket\wp-includes\script-loader.php(2670): do_action('wp_enqueue_scri...')
#4 C:\xampp\htdocs\todoticket\wp-includes\class-wp-hook.php(288): wp_enqueue_scripts('')
#5 C:\xampp\htdocs\todoticket\wp-includes\class-wp-hook.php(312): WP_Hook->apply_filters(NULL, Array)
#6 C:\xampp\htdocs\todoticket\wp-includes\plugin.php(478): WP_Hook->do_action(Array)
#7 C:\xampp\htdocs\todoticket\wp-includes\general-template.php(2879): do_action('wp_head')
#8 C:\xampp\htdocs\todoticket\wp-content\themes\todoticket\kava\header.php(19): wp_head()
#9 C:\xa in C:\xampp\htdocs\todoticket\wp-content\plugins\jet-theme-core\includes\locations.php on line 104

2019-12-16T18:42:40+00:00 CRITICAL Uncaught Error: Class 'Elementor\Post_CSS_File' not found in C:\xampp\htdocs\todoticket\wp-content\plugins\jet-theme-core\includes\locations.php:104
Stack trace:
#0 C:\xampp\htdocs\todoticket\wp-includes\class-wp-hook.php(288): Jet_Theme_Core_Locations->enqueue_styles('')
#1 C:\xampp\htdocs\todoticket\wp-includes\class-wp-hook.php(312): WP_Hook->apply_filters(NULL, Array)
#2 C:\xampp\htdocs\todoticket\wp-includes\plugin.php(478): WP_Hook->do_action(Array)
#3 C:\xampp\htdocs\todoticket\wp-includes\script-loader.php(2670): do_action('wp_enqueue_scri...')
#4 C:\xampp\htdocs\todoticket\wp-includes\class-wp-hook.php(288): wp_enqueue_scripts('')
#5 C:\xampp\htdocs\todoticket\wp-includes\class-wp-hook.php(312): WP_Hook->apply_filters(NULL, Array)
#6 C:\xampp\htdocs\todoticket\wp-includes\plugin.php(478): WP_Hook->do_action(Array)
#7 C:\xampp\htdocs\todoticket\wp-includes\general-template.php(2879): do_action('wp_head')
#8 C:\xampp\htdocs\todoticket\wp-content\themes\todoticket\kava\header.php(19): wp_head()
#9 C:\xa in C:\xampp\htdocs\todoticket\wp-content\plugins\jet-theme-core\includes\locations.php on line 104

2019-12-16T18:43:01+00:00 CRITICAL Uncaught Error: Class 'Elementor\Post_CSS_File' not found in C:\xampp\htdocs\todoticket\wp-content\plugins\jet-theme-core\includes\locations.php:104
Stack trace:
#0 C:\xampp\htdocs\todoticket\wp-includes\class-wp-hook.php(288): Jet_Theme_Core_Locations->enqueue_styles('')
#1 C:\xampp\htdocs\todoticket\wp-includes\class-wp-hook.php(312): WP_Hook->apply_filters(NULL, Array)
#2 C:\xampp\htdocs\todoticket\wp-includes\plugin.php(478): WP_Hook->do_action(Array)
#3 C:\xampp\htdocs\todoticket\wp-includes\script-loader.php(2670): do_action('wp_enqueue_scri...')
#4 C:\xampp\htdocs\todoticket\wp-includes\class-wp-hook.php(288): wp_enqueue_scripts('')
#5 C:\xampp\htdocs\todoticket\wp-includes\class-wp-hook.php(312): WP_Hook->apply_filters(NULL, Array)
#6 C:\xampp\htdocs\todoticket\wp-includes\plugin.php(478): WP_Hook->do_action(Array)
#7 C:\xampp\htdocs\todoticket\wp-includes\general-template.php(2879): do_action('wp_head')
#8 C:\xampp\htdocs\todoticket\wp-content\themes\todoticket\kava\header.php(19): wp_head()
#9 C:\xa in C:\xampp\htdocs\todoticket\wp-content\plugins\jet-theme-core\includes\locations.php on line 104

2019-12-16T18:43:24+00:00 CRITICAL Uncaught Error: Class 'Elementor\Post_CSS_File' not found in C:\xampp\htdocs\todoticket\wp-content\plugins\jet-theme-core\includes\locations.php:104
Stack trace:
#0 C:\xampp\htdocs\todoticket\wp-includes\class-wp-hook.php(288): Jet_Theme_Core_Locations->enqueue_styles('')
#1 C:\xampp\htdocs\todoticket\wp-includes\class-wp-hook.php(312): WP_Hook->apply_filters(NULL, Array)
#2 C:\xampp\htdocs\todoticket\wp-includes\plugin.php(478): WP_Hook->do_action(Array)
#3 C:\xampp\htdocs\todoticket\wp-includes\script-loader.php(2670): do_action('wp_enqueue_scri...')
#4 C:\xampp\htdocs\todoticket\wp-includes\class-wp-hook.php(288): wp_enqueue_scripts('')
#5 C:\xampp\htdocs\todoticket\wp-includes\class-wp-hook.php(312): WP_Hook->apply_filters(NULL, Array)
#6 C:\xampp\htdocs\todoticket\wp-includes\plugin.php(478): WP_Hook->do_action(Array)
#7 C:\xampp\htdocs\todoticket\wp-includes\general-template.php(2879): do_action('wp_head')
#8 C:\xampp\htdocs\todoticket\wp-content\themes\todoticket\kava\header.php(19): wp_head()
#9 C:\xa in C:\xampp\htdocs\todoticket\wp-content\plugins\jet-theme-core\includes\locations.php on line 104

2019-12-16T18:44:24+00:00 CRITICAL Uncaught Error: Class 'Elementor\Post_CSS_File' not found in C:\xampp\htdocs\todoticket\wp-content\plugins\jet-theme-core\includes\locations.php:104
Stack trace:
#0 C:\xampp\htdocs\todoticket\wp-includes\class-wp-hook.php(288): Jet_Theme_Core_Locations->enqueue_styles('')
#1 C:\xampp\htdocs\todoticket\wp-includes\class-wp-hook.php(312): WP_Hook->apply_filters(NULL, Array)
#2 C:\xampp\htdocs\todoticket\wp-includes\plugin.php(478): WP_Hook->do_action(Array)
#3 C:\xampp\htdocs\todoticket\wp-includes\script-loader.php(2670): do_action('wp_enqueue_scri...')
#4 C:\xampp\htdocs\todoticket\wp-includes\class-wp-hook.php(288): wp_enqueue_scripts('')
#5 C:\xampp\htdocs\todoticket\wp-includes\class-wp-hook.php(312): WP_Hook->apply_filters(NULL, Array)
#6 C:\xampp\htdocs\todoticket\wp-includes\plugin.php(478): WP_Hook->do_action(Array)
#7 C:\xampp\htdocs\todoticket\wp-includes\general-template.php(2879): do_action('wp_head')
#8 C:\xampp\htdocs\todoticket\wp-content\themes\todoticket\kava\header.php(19): wp_head()
#9 C:\xa in C:\xampp\htdocs\todoticket\wp-content\plugins\jet-theme-core\includes\locations.php on line 104

2019-12-16T20:27:23+00:00 CRITICAL Maximum execution time of 120 seconds exceeded in C:\xampp\htdocs\todoticket\wp-includes\wp-db.php on line 1636

2019-12-16T20:48:43+00:00 CRITICAL Uncaught Error: Class 'Elementor\Post_CSS_File' not found in C:\xampp\htdocs\todoticket\wp-content\plugins\jet-theme-core\includes\locations.php:104
Stack trace:
#0 C:\xampp\htdocs\todoticket\wp-includes\class-wp-hook.php(288): Jet_Theme_Core_Locations->enqueue_styles('')
#1 C:\xampp\htdocs\todoticket\wp-includes\class-wp-hook.php(312): WP_Hook->apply_filters(NULL, Array)
#2 C:\xampp\htdocs\todoticket\wp-includes\plugin.php(478): WP_Hook->do_action(Array)
#3 C:\xampp\htdocs\todoticket\wp-includes\script-loader.php(2670): do_action('wp_enqueue_scri...')
#4 C:\xampp\htdocs\todoticket\wp-includes\class-wp-hook.php(288): wp_enqueue_scripts('')
#5 C:\xampp\htdocs\todoticket\wp-includes\class-wp-hook.php(312): WP_Hook->apply_filters(NULL, Array)
#6 C:\xampp\htdocs\todoticket\wp-includes\plugin.php(478): WP_Hook->do_action(Array)
#7 C:\xampp\htdocs\todoticket\wp-includes\general-template.php(2879): do_action('wp_head')
#8 C:\xampp\htdocs\todoticket\wp-content\themes\todoticket\kava\header.php(19): wp_head()
#9 C:\xa in C:\xampp\htdocs\todoticket\wp-content\plugins\jet-theme-core\includes\locations.php on line 104

2019-12-16T20:49:13+00:00 CRITICAL Uncaught Error: Class 'Elementor\Post_CSS_File' not found in C:\xampp\htdocs\todoticket\wp-content\plugins\jet-theme-core\includes\locations.php:104
Stack trace:
#0 C:\xampp\htdocs\todoticket\wp-includes\class-wp-hook.php(288): Jet_Theme_Core_Locations->enqueue_styles('')
#1 C:\xampp\htdocs\todoticket\wp-includes\class-wp-hook.php(312): WP_Hook->apply_filters(NULL, Array)
#2 C:\xampp\htdocs\todoticket\wp-includes\plugin.php(478): WP_Hook->do_action(Array)
#3 C:\xampp\htdocs\todoticket\wp-includes\script-loader.php(2670): do_action('wp_enqueue_scri...')
#4 C:\xampp\htdocs\todoticket\wp-includes\class-wp-hook.php(288): wp_enqueue_scripts('')
#5 C:\xampp\htdocs\todoticket\wp-includes\class-wp-hook.php(312): WP_Hook->apply_filters(NULL, Array)
#6 C:\xampp\htdocs\todoticket\wp-includes\plugin.php(478): WP_Hook->do_action(Array)
#7 C:\xampp\htdocs\todoticket\wp-includes\general-template.php(2879): do_action('wp_head')
#8 C:\xampp\htdocs\todoticket\wp-content\themes\todoticket\kava\header.php(19): wp_head()
#9 C:\xa in C:\xampp\htdocs\todoticket\wp-content\plugins\jet-theme-core\includes\locations.php on line 104

2019-12-16T20:52:28+00:00 CRITICAL Uncaught Error: Class 'Elementor\Post_CSS_File' not found in C:\xampp\htdocs\todoticket\wp-content\plugins\jet-theme-core\includes\locations.php:104
Stack trace:
#0 C:\xampp\htdocs\todoticket\wp-includes\class-wp-hook.php(288): Jet_Theme_Core_Locations->enqueue_styles('')
#1 C:\xampp\htdocs\todoticket\wp-includes\class-wp-hook.php(312): WP_Hook->apply_filters(NULL, Array)
#2 C:\xampp\htdocs\todoticket\wp-includes\plugin.php(478): WP_Hook->do_action(Array)
#3 C:\xampp\htdocs\todoticket\wp-includes\script-loader.php(2670): do_action('wp_enqueue_scri...')
#4 C:\xampp\htdocs\todoticket\wp-includes\class-wp-hook.php(288): wp_enqueue_scripts('')
#5 C:\xampp\htdocs\todoticket\wp-includes\class-wp-hook.php(312): WP_Hook->apply_filters(NULL, Array)
#6 C:\xampp\htdocs\todoticket\wp-includes\plugin.php(478): WP_Hook->do_action(Array)
#7 C:\xampp\htdocs\todoticket\wp-includes\general-template.php(2879): do_action('wp_head')
#8 C:\xampp\htdocs\todoticket\wp-content\themes\todoticket\kava\header.php(19): wp_head()
#9 C:\xa in C:\xampp\htdocs\todoticket\wp-content\plugins\jet-theme-core\includes\locations.php on line 104

2019-12-16T21:01:56+00:00 CRITICAL Uncaught Error: Class 'Elementor\Post_CSS_File' not found in C:\xampp\htdocs\todoticket\wp-content\plugins\jet-theme-core\includes\locations.php:104
Stack trace:
#0 C:\xampp\htdocs\todoticket\wp-includes\class-wp-hook.php(288): Jet_Theme_Core_Locations->enqueue_styles('')
#1 C:\xampp\htdocs\todoticket\wp-includes\class-wp-hook.php(312): WP_Hook->apply_filters(NULL, Array)
#2 C:\xampp\htdocs\todoticket\wp-includes\plugin.php(478): WP_Hook->do_action(Array)
#3 C:\xampp\htdocs\todoticket\wp-includes\script-loader.php(2670): do_action('wp_enqueue_scri...')
#4 C:\xampp\htdocs\todoticket\wp-includes\class-wp-hook.php(288): wp_enqueue_scripts('')
#5 C:\xampp\htdocs\todoticket\wp-includes\class-wp-hook.php(312): WP_Hook->apply_filters(NULL, Array)
#6 C:\xampp\htdocs\todoticket\wp-includes\plugin.php(478): WP_Hook->do_action(Array)
#7 C:\xampp\htdocs\todoticket\wp-includes\general-template.php(2879): do_action('wp_head')
#8 C:\xampp\htdocs\todoticket\wp-content\themes\todoticket\kava\header.php(19): wp_head()
#9 C:\xa in C:\xampp\htdocs\todoticket\wp-content\plugins\jet-theme-core\includes\locations.php on line 104

2019-12-16T21:02:03+00:00 CRITICAL Uncaught Error: Class 'Elementor\Post_CSS_File' not found in C:\xampp\htdocs\todoticket\wp-content\plugins\jet-theme-core\includes\locations.php:104
Stack trace:
#0 C:\xampp\htdocs\todoticket\wp-includes\class-wp-hook.php(288): Jet_Theme_Core_Locations->enqueue_styles('')
#1 C:\xampp\htdocs\todoticket\wp-includes\class-wp-hook.php(312): WP_Hook->apply_filters(NULL, Array)
#2 C:\xampp\htdocs\todoticket\wp-includes\plugin.php(478): WP_Hook->do_action(Array)
#3 C:\xampp\htdocs\todoticket\wp-includes\script-loader.php(2670): do_action('wp_enqueue_scri...')
#4 C:\xampp\htdocs\todoticket\wp-includes\class-wp-hook.php(288): wp_enqueue_scripts('')
#5 C:\xampp\htdocs\todoticket\wp-includes\class-wp-hook.php(312): WP_Hook->apply_filters(NULL, Array)
#6 C:\xampp\htdocs\todoticket\wp-includes\plugin.php(478): WP_Hook->do_action(Array)
#7 C:\xampp\htdocs\todoticket\wp-includes\general-template.php(2879): do_action('wp_head')
#8 C:\xampp\htdocs\todoticket\wp-content\themes\todoticket\kava\header.php(19): wp_head()
#9 C:\xa in C:\xampp\htdocs\todoticket\wp-content\plugins\jet-theme-core\includes\locations.php on line 104

2019-12-16T21:03:15+00:00 CRITICAL Uncaught Error: Class 'Elementor\Post_CSS_File' not found in C:\xampp\htdocs\todoticket\wp-content\plugins\jet-theme-core\includes\locations.php:104
Stack trace:
#0 C:\xampp\htdocs\todoticket\wp-includes\class-wp-hook.php(288): Jet_Theme_Core_Locations->enqueue_styles('')
#1 C:\xampp\htdocs\todoticket\wp-includes\class-wp-hook.php(312): WP_Hook->apply_filters(NULL, Array)
#2 C:\xampp\htdocs\todoticket\wp-includes\plugin.php(478): WP_Hook->do_action(Array)
#3 C:\xampp\htdocs\todoticket\wp-includes\script-loader.php(2670): do_action('wp_enqueue_scri...')
#4 C:\xampp\htdocs\todoticket\wp-includes\class-wp-hook.php(288): wp_enqueue_scripts('')
#5 C:\xampp\htdocs\todoticket\wp-includes\class-wp-hook.php(312): WP_Hook->apply_filters(NULL, Array)
#6 C:\xampp\htdocs\todoticket\wp-includes\plugin.php(478): WP_Hook->do_action(Array)
#7 C:\xampp\htdocs\todoticket\wp-includes\general-template.php(2879): do_action('wp_head')
#8 C:\xampp\htdocs\todoticket\wp-content\themes\todoticket\kava\header.php(19): wp_head()
#9 C:\xa in C:\xampp\htdocs\todoticket\wp-content\plugins\jet-theme-core\includes\locations.php on line 104

